> Task :compileJava UP-TO-DATE
> Task :processResources UP-TO-DATE
> Task :classes UP-TO-DATE
> Task :resolveMainClassName UP-TO-DATE

> Task :bootRun

  .   ____          _            __ _ _
 /\\ / ___'_ __ _ _(_)_ __  __ _ \ \ \ \
( ( )\___ | '_ | '_| | '_ \/ _` | \ \ \ \
 \\/  ___)| |_)| | | | | || (_| |  ) ) ) )
  '  |____| .__|_| |_|_| |_\__, | / / / /
 =========|_|==============|___/=/_/_/_/

 :: Spring Boot ::                (v4.0.5)

2026-04-05T15:51:03.040+09:00  INFO 27368 --- [           main] com.dating.backend.BackendApplication    : Starting BackendApplication using Java 17.0.12 with PID 27368 (C:\workspace\dating-app\backend\build\classes\java\main started by chlwo in C:\workspace\dating-app\backend)
2026-04-05T15:51:03.043+09:00  INFO 27368 --- [           main] com.dating.backend.BackendApplication    : No active profile set, falling back to 1 default profile: "default"
2026-04-05T15:51:03.790+09:00  INFO 27368 --- [           main] .s.d.r.c.RepositoryConfigurationDelegate : Bootstrapping Spring Data JPA repositories in DEFAULT mode.
2026-04-05T15:51:03.878+09:00  INFO 27368 --- [           main] .s.d.r.c.RepositoryConfigurationDelegate : Finished Spring Data repository scanning in 77 ms. Found 4 JPA repository interfaces.
2026-04-05T15:51:04.501+09:00  INFO 27368 --- [           main] o.s.boot.tomcat.TomcatWebServer          : Tomcat initialized with port 8081 (http)
2026-04-05T15:51:04.514+09:00  INFO 27368 --- [           main] o.apache.catalina.core.StandardService   : Starting service [Tomcat]
2026-04-05T15:51:04.515+09:00  INFO 27368 --- [           main] o.apache.catalina.core.StandardEngine    : Starting Servlet engine: [Apache Tomcat/11.0.20]
2026-04-05T15:51:04.578+09:00  INFO 27368 --- [           main] b.w.c.s.WebApplicationContextInitializer : Root WebApplicationContext: initialization completed in 1482 ms
2026-04-05T15:51:04.731+09:00  INFO 27368 --- [           main] org.hibernate.orm.jpa                    : HHH008540: Processing PersistenceUnitInfo [name: default]
2026-04-05T15:51:04.786+09:00  INFO 27368 --- [           main] org.hibernate.orm.core                   : HHH000001: Hibernate ORM core version 7.2.7.Final
2026-04-05T15:51:05.298+09:00  INFO 27368 --- [           main] o.s.o.j.p.SpringPersistenceUnitInfo      : No LoadTimeWeaver setup: ignoring JPA class transformer
2026-04-05T15:51:05.342+09:00  INFO 27368 --- [           main] com.zaxxer.hikari.HikariDataSource       : HikariPool-1 - Starting...
2026-04-05T15:51:05.432+09:00  INFO 27368 --- [           main] com.zaxxer.hikari.pool.HikariPool        : HikariPool-1 - Added connection org.mariadb.jdbc.Connection@4fa8297b
2026-04-05T15:51:05.434+09:00  INFO 27368 --- [           main] com.zaxxer.hikari.HikariDataSource       : HikariPool-1 - Start completed.
2026-04-05T15:51:05.504+09:00  INFO 27368 --- [           main] org.hibernate.orm.connections.pooling    : HHH10001005: Database info:
	Database JDBC URL [jdbc:mariadb://127.0.0.1/dating_db?user=root&password=***]
	Database driver: MariaDB Connector/J
	Database dialect: MariaDBDialect
	Database version: 12.2.2
	Default catalog/schema: dating_db/undefined
	Autocommit mode: undefined/unknown
	Isolation level: REPEATABLE_READ [default REPEATABLE_READ]
	JDBC fetch size: none
	Pool: DataSourceConnectionProvider
	Minimum pool size: undefined/unknown
	Maximum pool size: undefined/unknown
2026-04-05T15:51:06.613+09:00  INFO 27368 --- [           main] org.hibernate.orm.core                   : HHH000489: No JTA platform available (set 'hibernate.transaction.jta.platform' to enable JTA platform integration)
2026-04-05T15:51:06.695+09:00  INFO 27368 --- [           main] j.LocalContainerEntityManagerFactoryBean : Initialized JPA EntityManagerFactory for persistence unit 'default'
2026-04-05T15:51:06.798+09:00  INFO 27368 --- [           main] o.s.d.j.r.query.QueryEnhancerFactories   : Hibernate is in classpath; If applicable, HQL parser will be used.
2026-04-05T15:51:07.085+09:00  WARN 27368 --- [           main] JpaBaseConfiguration$JpaWebConfiguration : spring.jpa.open-in-view is enabled by default. Therefore, database queries may be performed during view rendering. Explicitly configure spring.jpa.open-in-view to disable this warning
2026-04-05T15:51:07.637+09:00  WARN 27368 --- [           main] o.s.w.s.resource.ResourceHandlerUtils    : Appended trailing slash to static resource location: file:///C:/workspace/dating-app/backend/uploads/
2026-04-05T15:51:07.843+09:00  INFO 27368 --- [           main] o.s.boot.tomcat.TomcatWebServer          : Tomcat started on port 8081 (http) with context path '/'
2026-04-05T15:51:07.848+09:00  INFO 27368 --- [           main] com.dating.backend.BackendApplication    : Started BackendApplication in 5.247 seconds (process running for 5.66)
2026-04-05T15:51:28.617+09:00  INFO 27368 --- [nio-8081-exec-1] o.a.c.c.C.[Tomcat].[localhost].[/]       : Initializing Spring DispatcherServlet 'dispatcherServlet'
2026-04-05T15:51:28.617+09:00  INFO 27368 --- [nio-8081-exec-1] o.s.web.servlet.DispatcherServlet        : Initializing Servlet 'dispatcherServlet'
2026-04-05T15:51:28.620+09:00  INFO 27368 --- [nio-8081-exec-1] o.s.web.servlet.DispatcherServlet        : Completed initialization in 3 ms
Hibernate: 
    select
        u1_0.id,
        u1_0.created_at,
        u1_0.email,
        u1_0.nickname,
        u1_0.password,
        u1_0.provider,
        u1_0.reset_password_token,
        u1_0.reset_password_token_expires_at,
        u1_0.review_comment,
        u1_0.status 
    from
        users u1_0 
    where
        u1_0.email=?
Hibernate: 
    insert 
    into
        users
        (created_at, email, nickname, password, provider, reset_password_token, reset_password_token_expires_at, review_comment, status) 
    values
        (?, ?, ?, ?, ?, ?, ?, ?, ?)
2026-04-05T15:51:29.343+09:00  WARN 27368 --- [nio-8081-exec-1] o.m.jdbc.message.server.ErrorPacket      : Error: 4025-23000: CONSTRAINT `chk_users_status` failed for `dating_db`.`users`
2026-04-05T15:51:29.345+09:00  WARN 27368 --- [nio-8081-exec-1] org.hibernate.orm.jdbc.error             : HHH000247: ErrorCode: 4025, SQLState: 23000
2026-04-05T15:51:29.347+09:00  WARN 27368 --- [nio-8081-exec-1] org.hibernate.orm.jdbc.error             : (conn=101) CONSTRAINT `chk_users_status` failed for `dating_db`.`users`
Hibernate: 
    select
        u1_0.id,
        u1_0.created_at,
        u1_0.email,
        u1_0.nickname,
        u1_0.password,
        u1_0.provider,
        u1_0.reset_password_token,
        u1_0.reset_password_token_expires_at,
        u1_0.review_comment,
        u1_0.status 
    from
        users u1_0 
    where
        u1_0.email=?
Hibernate: 
    insert 
    into
        users
        (created_at, email, nickname, password, provider, reset_password_token, reset_password_token_expires_at, review_comment, status) 
    values
        (?, ?, ?, ?, ?, ?, ?, ?, ?)
Hibernate: 
    select
        up1_0.id,
        up1_0.created_at,
        up1_0.drinking_status,
        up1_0.ideal_type,
        up1_0.introduction,
        up1_0.job,
        up1_0.mbti,
        up1_0.personality,
        up1_0.region,
        up1_0.religion,
        up1_0.smoking_status,
        up1_0.updated_at,
        up1_0.user_id 
    from
        user_profiles up1_0 
    where
        up1_0.user_id=?
Hibernate: 
    insert 
    into
        user_profiles
        (created_at, drinking_status, ideal_type, introduction, job, mbti, personality, region, religion, smoking_status, updated_at, user_id) 
    values
        (?, ?, ?, ?, ?, ?, ?, ?, ?, ?, ?, ?)
Hibernate: 
    select
        uv1_0.id,
        uv1_0.birth_date,
        uv1_0.created_at,
        uv1_0.gender,
        uv1_0.is_verified,
        uv1_0.updated_at,
        uv1_0.user_id,
        uv1_0.verified_at 
    from
        user_verifications uv1_0 
    where
        uv1_0.user_id=?
Hibernate: 
    insert 
    into
        user_verifications
        (birth_date, created_at, gender, is_verified, updated_at, user_id, verified_at) 
    values
        (?, ?, ?, ?, ?, ?, ?)
