
  .   ____          _            __ _ _
 /\\ / ___'_ __ _ _(_)_ __  __ _ \ \ \ \
( ( )\___ | '_ | '_| | '_ \/ _` | \ \ \ \
 \\/  ___)| |_)| | | | | || (_| |  ) ) ) )
  '  |____| .__|_| |_|_| |_\__, | / / / /
 =========|_|==============|___/=/_/_/_/

 :: Spring Boot ::                (v4.0.5)

2026-04-09T18:06:09.759+09:00  INFO 14188 --- [           main] com.dating.backend.BackendApplication    : Starting BackendApplication v0.0.1-SNAPSHOT using Java 17.0.12 with PID 14188 (C:\workspace\dating-app\backend\build\libs\backend-0.0.1-SNAPSHOT.jar started by chlwo in C:\workspace\dating-app)
2026-04-09T18:06:09.764+09:00  INFO 14188 --- [           main] com.dating.backend.BackendApplication    : No active profile set, falling back to 1 default profile: "default"
2026-04-09T18:06:11.029+09:00  INFO 14188 --- [           main] .s.d.r.c.RepositoryConfigurationDelegate : Bootstrapping Spring Data JPA repositories in DEFAULT mode.
2026-04-09T18:06:11.135+09:00  INFO 14188 --- [           main] .s.d.r.c.RepositoryConfigurationDelegate : Finished Spring Data repository scanning in 91 ms. Found 8 JPA repository interfaces.
2026-04-09T18:06:12.092+09:00  INFO 14188 --- [           main] o.s.boot.tomcat.TomcatWebServer          : Tomcat initialized with port 8082 (http)
2026-04-09T18:06:12.107+09:00  INFO 14188 --- [           main] o.apache.catalina.core.StandardService   : Starting service [Tomcat]
2026-04-09T18:06:12.108+09:00  INFO 14188 --- [           main] o.apache.catalina.core.StandardEngine    : Starting Servlet engine: [Apache Tomcat/11.0.20]
2026-04-09T18:06:12.164+09:00  INFO 14188 --- [           main] b.w.c.s.WebApplicationContextInitializer : Root WebApplicationContext: initialization completed in 2297 ms
2026-04-09T18:06:12.507+09:00  INFO 14188 --- [           main] org.hibernate.orm.jpa                    : HHH008540: Processing PersistenceUnitInfo [name: default]
2026-04-09T18:06:12.658+09:00  INFO 14188 --- [           main] org.hibernate.orm.core                   : HHH000001: Hibernate ORM core version 7.2.7.Final
2026-04-09T18:06:13.486+09:00  INFO 14188 --- [           main] o.s.o.j.p.SpringPersistenceUnitInfo      : No LoadTimeWeaver setup: ignoring JPA class transformer
2026-04-09T18:06:13.527+09:00  INFO 14188 --- [           main] com.zaxxer.hikari.HikariDataSource       : HikariPool-1 - Starting...
2026-04-09T18:06:13.620+09:00  INFO 14188 --- [           main] com.zaxxer.hikari.pool.HikariPool        : HikariPool-1 - Added connection org.mariadb.jdbc.Connection@16d61071
2026-04-09T18:06:13.622+09:00  INFO 14188 --- [           main] com.zaxxer.hikari.HikariDataSource       : HikariPool-1 - Start completed.
2026-04-09T18:06:13.706+09:00  INFO 14188 --- [           main] org.hibernate.orm.connections.pooling    : HHH10001005: Database info:
	Database JDBC URL [jdbc:mariadb://127.0.0.1/dating_db?user=root&password=***]
	Database driver: MariaDB Connector/J
	Database dialect: MariaDBDialect
	Database version: 12.2.2
	Default catalog/schema: dating_db/undefined
	Autocommit mode: undefined/unknown
	Isolation level: REPEATABLE_READ [default REPEATABLE_READ]
	JDBC fetch size: none
	Pool: DataSourceConnectionProvider
	Minimum pool size: undefined/unknown
	Maximum pool size: undefined/unknown
2026-04-09T18:06:16.511+09:00  INFO 14188 --- [           main] org.hibernate.orm.core                   : HHH000489: No JTA platform available (set 'hibernate.transaction.jta.platform' to enable JTA platform integration)
2026-04-09T18:06:16.690+09:00  INFO 14188 --- [           main] j.LocalContainerEntityManagerFactoryBean : Initialized JPA EntityManagerFactory for persistence unit 'default'
2026-04-09T18:06:16.984+09:00  INFO 14188 --- [           main] o.s.d.j.r.query.QueryEnhancerFactories   : Hibernate is in classpath; If applicable, HQL parser will be used.
2026-04-09T18:06:18.654+09:00  WARN 14188 --- [           main] JpaBaseConfiguration$JpaWebConfiguration : spring.jpa.open-in-view is enabled by default. Therefore, database queries may be performed during view rendering. Explicitly configure spring.jpa.open-in-view to disable this warning
2026-04-09T18:06:20.931+09:00  WARN 14188 --- [           main] o.s.w.s.resource.ResourceHandlerUtils    : Appended trailing slash to static resource location: file:///C:/workspace/dating-app/uploads/
2026-04-09T18:06:21.755+09:00  INFO 14188 --- [           main] o.s.boot.tomcat.TomcatWebServer          : Tomcat started on port 8082 (http) with context path '/'
2026-04-09T18:06:21.815+09:00  INFO 14188 --- [           main] com.dating.backend.BackendApplication    : Started BackendApplication in 12.848 seconds (process running for 13.771)
2026-04-09T18:07:40.956+09:00  INFO 14188 --- [nio-8082-exec-1] o.a.c.c.C.[Tomcat].[localhost].[/]       : Initializing Spring DispatcherServlet 'dispatcherServlet'
2026-04-09T18:07:40.957+09:00  INFO 14188 --- [nio-8082-exec-1] o.s.web.servlet.DispatcherServlet        : Initializing Servlet 'dispatcherServlet'
2026-04-09T18:07:40.962+09:00  INFO 14188 --- [nio-8082-exec-1] o.s.web.servlet.DispatcherServlet        : Completed initialization in 4 ms
Hibernate: 
    select
        u1_0.id,
        u1_0.admin_memo,
        u1_0.created_at,
        u1_0.deleted_at,
        u1_0.email,
        u1_0.fraud_review_status,
        u1_0.fraud_risk_score,
        u1_0.last_warning_sent_at,
        u1_0.nickname,
        u1_0.password_hash,
        u1_0.phone,
        u1_0.profile_completed_at,
        u1_0.provider,
        u1_0.reset_password_token,
        u1_0.reset_password_token_expires_at,
        u1_0.review_comment,
        u1_0.review_deadline_at,
        u1_0.status,
        u1_0.updated_at 
    from
        users u1_0 
    where
        u1_0.email=?
Hibernate: 
    select
        u1_0.id,
        u1_0.admin_memo,
        u1_0.created_at,
        u1_0.deleted_at,
        u1_0.email,
        u1_0.fraud_review_status,
        u1_0.fraud_risk_score,
        u1_0.last_warning_sent_at,
        u1_0.nickname,
        u1_0.password_hash,
        u1_0.phone,
        u1_0.profile_completed_at,
        u1_0.provider,
        u1_0.reset_password_token,
        u1_0.reset_password_token_expires_at,
        u1_0.review_comment,
        u1_0.review_deadline_at,
        u1_0.status,
        u1_0.updated_at 
    from
        users u1_0 
    where
        u1_0.email=?
Hibernate: 
    select
        u1_0.id,
        u1_0.admin_memo,
        u1_0.created_at,
        u1_0.deleted_at,
        u1_0.email,
        u1_0.fraud_review_status,
        u1_0.fraud_risk_score,
        u1_0.last_warning_sent_at,
        u1_0.nickname,
        u1_0.password_hash,
        u1_0.phone,
        u1_0.profile_completed_at,
        u1_0.provider,
        u1_0.reset_password_token,
        u1_0.reset_password_token_expires_at,
        u1_0.review_comment,
        u1_0.review_deadline_at,
        u1_0.status,
        u1_0.updated_at 
    from
        users u1_0 
    where
        u1_0.email=?
Hibernate: 
    select
        u1_0.id,
        u1_0.admin_memo,
        u1_0.created_at,
        u1_0.deleted_at,
        u1_0.email,
        u1_0.fraud_review_status,
        u1_0.fraud_risk_score,
        u1_0.last_warning_sent_at,
        u1_0.nickname,
        u1_0.password_hash,
        u1_0.phone,
        u1_0.profile_completed_at,
        u1_0.provider,
        u1_0.reset_password_token,
        u1_0.reset_password_token_expires_at,
        u1_0.review_comment,
        u1_0.review_deadline_at,
        u1_0.status,
        u1_0.updated_at 
    from
        users u1_0 
    where
        u1_0.email=?
Hibernate: 
    select
        up1_0.id,
        up1_0.created_at,
        up1_0.drinking_status,
        up1_0.ideal_type,
        up1_0.introduction,
        up1_0.job,
        up1_0.mbti,
        up1_0.personality,
        up1_0.region,
        up1_0.religion,
        up1_0.smoking_status,
        up1_0.updated_at,
        up1_0.user_id 
    from
        user_profiles up1_0 
    where
        up1_0.user_id=?
Hibernate: 
    select
        uv1_0.id,
        uv1_0.birth_date,
        uv1_0.created_at,
        uv1_0.gender,
        uv1_0.is_verified,
        uv1_0.updated_at,
        uv1_0.user_id,
        uv1_0.verified_at 
    from
        user_verifications uv1_0 
    where
        uv1_0.user_id=?
Hibernate: 
    select
        upi1_0.id,
        upi1_0.created_at,
        upi1_0.image_order,
        upi1_0.image_url,
        upi1_0.is_main,
        upi1_0.user_id 
    from
        user_profile_images upi1_0 
    where
        upi1_0.user_id=? 
    order by
        upi1_0.image_order
Hibernate: 
    select
        u1_0.id,
        u1_0.admin_memo,
        u1_0.created_at,
        u1_0.deleted_at,
        u1_0.email,
        u1_0.fraud_review_status,
        u1_0.fraud_risk_score,
        u1_0.last_warning_sent_at,
        u1_0.nickname,
        u1_0.password_hash,
        u1_0.phone,
        u1_0.profile_completed_at,
        u1_0.provider,
        u1_0.reset_password_token,
        u1_0.reset_password_token_expires_at,
        u1_0.review_comment,
        u1_0.review_deadline_at,
        u1_0.status,
        u1_0.updated_at 
    from
        users u1_0 
    where
        u1_0.email=?
Hibernate: 
    select
        u1_0.id,
        u1_0.admin_memo,
        u1_0.created_at,
        u1_0.deleted_at,
        u1_0.email,
        u1_0.fraud_review_status,
        u1_0.fraud_risk_score,
        u1_0.last_warning_sent_at,
        u1_0.nickname,
        u1_0.password_hash,
        u1_0.phone,
        u1_0.profile_completed_at,
        u1_0.provider,
        u1_0.reset_password_token,
        u1_0.reset_password_token_expires_at,
        u1_0.review_comment,
        u1_0.review_deadline_at,
        u1_0.status,
        u1_0.updated_at 
    from
        users u1_0 
    where
        u1_0.email=?
Hibernate: 
    select
        u1_0.id,
        u1_0.admin_memo,
        u1_0.created_at,
        u1_0.deleted_at,
        u1_0.email,
        u1_0.fraud_review_status,
        u1_0.fraud_risk_score,
        u1_0.last_warning_sent_at,
        u1_0.nickname,
        u1_0.password_hash,
        u1_0.phone,
        u1_0.profile_completed_at,
        u1_0.provider,
        u1_0.reset_password_token,
        u1_0.reset_password_token_expires_at,
        u1_0.review_comment,
        u1_0.review_deadline_at,
        u1_0.status,
        u1_0.updated_at 
    from
        users u1_0 
    where
        u1_0.email=?
Hibernate: 
    select
        up1_0.id,
        up1_0.created_at,
        up1_0.drinking_status,
        up1_0.ideal_type,
        up1_0.introduction,
        up1_0.job,
        up1_0.mbti,
        up1_0.personality,
        up1_0.region,
        up1_0.religion,
        up1_0.smoking_status,
        up1_0.updated_at,
        up1_0.user_id 
    from
        user_profiles up1_0 
    where
        up1_0.user_id=?
Hibernate: 
    select
        upi1_0.id,
        upi1_0.created_at,
        upi1_0.image_order,
        upi1_0.image_url,
        upi1_0.is_main,
        upi1_0.user_id 
    from
        user_profile_images upi1_0 
    where
        upi1_0.user_id=? 
    order by
        upi1_0.image_order
Hibernate: 
    select
        uv1_0.id,
        uv1_0.birth_date,
        uv1_0.created_at,
        uv1_0.gender,
        uv1_0.is_verified,
        uv1_0.updated_at,
        uv1_0.user_id,
        uv1_0.verified_at 
    from
        user_verifications uv1_0 
    where
        uv1_0.user_id=?
Hibernate: 
    select
        u1_0.id,
        u1_0.admin_memo,
        u1_0.created_at,
        u1_0.deleted_at,
        u1_0.email,
        u1_0.fraud_review_status,
        u1_0.fraud_risk_score,
        u1_0.last_warning_sent_at,
        u1_0.nickname,
        u1_0.password_hash,
        u1_0.phone,
        u1_0.profile_completed_at,
        u1_0.provider,
        u1_0.reset_password_token,
        u1_0.reset_password_token_expires_at,
        u1_0.review_comment,
        u1_0.review_deadline_at,
        u1_0.status,
        u1_0.updated_at 
    from
        users u1_0 
    where
        u1_0.email=?
Hibernate: 
    select
        u1_0.id,
        u1_0.admin_memo,
        u1_0.created_at,
        u1_0.deleted_at,
        u1_0.email,
        u1_0.fraud_review_status,
        u1_0.fraud_risk_score,
        u1_0.last_warning_sent_at,
        u1_0.nickname,
        u1_0.password_hash,
        u1_0.phone,
        u1_0.profile_completed_at,
        u1_0.provider,
        u1_0.reset_password_token,
        u1_0.reset_password_token_expires_at,
        u1_0.review_comment,
        u1_0.review_deadline_at,
        u1_0.status,
        u1_0.updated_at 
    from
        users u1_0 
    where
        u1_0.email=?
Hibernate: 
    select
        upi1_0.id,
        upi1_0.created_at,
        upi1_0.image_order,
        upi1_0.image_url,
        upi1_0.is_main,
        upi1_0.user_id 
    from
        user_profile_images upi1_0 
    where
        upi1_0.user_id=? 
    order by
        upi1_0.image_order
Hibernate: 
    select
        up1_0.id,
        up1_0.created_at,
        up1_0.drinking_status,
        up1_0.ideal_type,
        up1_0.introduction,
        up1_0.job,
        up1_0.mbti,
        up1_0.personality,
        up1_0.region,
        up1_0.religion,
        up1_0.smoking_status,
        up1_0.updated_at,
        up1_0.user_id 
    from
        user_profiles up1_0 
    where
        up1_0.user_id=?
Hibernate: 
    select
        uv1_0.id,
        uv1_0.birth_date,
        uv1_0.created_at,
        uv1_0.gender,
        uv1_0.is_verified,
        uv1_0.updated_at,
        uv1_0.user_id,
        uv1_0.verified_at 
    from
        user_verifications uv1_0 
    where
        uv1_0.user_id=?
Hibernate: 
    select
        u1_0.id,
        u1_0.admin_memo,
        u1_0.created_at,
        u1_0.deleted_at,
        u1_0.email,
        u1_0.fraud_review_status,
        u1_0.fraud_risk_score,
        u1_0.last_warning_sent_at,
        u1_0.nickname,
        u1_0.password_hash,
        u1_0.phone,
        u1_0.profile_completed_at,
        u1_0.provider,
        u1_0.reset_password_token,
        u1_0.reset_password_token_expires_at,
        u1_0.review_comment,
        u1_0.review_deadline_at,
        u1_0.status,
        u1_0.updated_at 
    from
        users u1_0 
    where
        u1_0.status=? 
    order by
        u1_0.created_at
Hibernate: 
    select
        count(u1_0.id) 
    from
        users u1_0 
    where
        u1_0.fraud_review_status=?
Hibernate: 
    select
        ur1_0.id,
        ur1_0.admin_note,
        ur1_0.created_at,
        ur1_0.detail,
        ur1_0.reason_code,
        ur1_0.reported_user_id,
        ur1_0.reporter_user_id,
        ur1_0.status 
    from
        user_reports ur1_0 
    where
        ur1_0.status=? 
    order by
        ur1_0.created_at desc
Hibernate: 
    select
        up1_0.id,
        up1_0.created_at,
        up1_0.drinking_status,
        up1_0.ideal_type,
        up1_0.introduction,
        up1_0.job,
        up1_0.mbti,
        up1_0.personality,
        up1_0.region,
        up1_0.religion,
        up1_0.smoking_status,
        up1_0.updated_at,
        up1_0.user_id 
    from
        user_profiles up1_0 
    where
        up1_0.user_id=?
Hibernate: 
    select
        count(u1_0.id) 
    from
        users u1_0 
    where
        u1_0.fraud_review_status=?
Hibernate: 
    select
        uv1_0.id,
        uv1_0.birth_date,
        uv1_0.created_at,
        uv1_0.gender,
        uv1_0.is_verified,
        uv1_0.updated_at,
        uv1_0.user_id,
        uv1_0.verified_at 
    from
        user_verifications uv1_0 
    where
        uv1_0.user_id=?
Hibernate: 
    select
        u1_0.id,
        u1_0.admin_memo,
        u1_0.created_at,
        u1_0.deleted_at,
        u1_0.email,
        u1_0.fraud_review_status,
        u1_0.fraud_risk_score,
        u1_0.last_warning_sent_at,
        u1_0.nickname,
        u1_0.password_hash,
        u1_0.phone,
        u1_0.profile_completed_at,
        u1_0.provider,
        u1_0.reset_password_token,
        u1_0.reset_password_token_expires_at,
        u1_0.review_comment,
        u1_0.review_deadline_at,
        u1_0.status,
        u1_0.updated_at 
    from
        users u1_0 
    where
        u1_0.fraud_review_status in (?) 
    order by
        u1_0.fraud_risk_score desc,
        u1_0.created_at desc
Hibernate: 
    select
        count(u1_0.id) 
    from
        users u1_0 
    where
        u1_0.status in (?, ?) 
        and u1_0.review_deadline_at<?
Hibernate: 
    select
        count(ur1_0.id) 
    from
        user_reports ur1_0 
    where
        ur1_0.status=?
Hibernate: 
    select
        count(ur1_0.id) 
    from
        user_reports ur1_0 
    where
        ur1_0.status=?
Hibernate: 
    select
        count(u1_0.id) 
    from
        users u1_0 
    where
        u1_0.status=?
Hibernate: 
    select
        count(u1_0.id) 
    from
        users u1_0 
    where
        u1_0.status=?
Hibernate: 
    select
        count(u1_0.id) 
    from
        users u1_0 
    where
        u1_0.status=?
Hibernate: 
    select
        u1_0.id,
        u1_0.admin_memo,
        u1_0.created_at,
        u1_0.deleted_at,
        u1_0.email,
        u1_0.fraud_review_status,
        u1_0.fraud_risk_score,
        u1_0.last_warning_sent_at,
        u1_0.nickname,
        u1_0.password_hash,
        u1_0.phone,
        u1_0.profile_completed_at,
        u1_0.provider,
        u1_0.reset_password_token,
        u1_0.reset_password_token_expires_at,
        u1_0.review_comment,
        u1_0.review_deadline_at,
        u1_0.status,
        u1_0.updated_at 
    from
        users u1_0 
    where
        u1_0.status=? 
    order by
        u1_0.created_at
Hibernate: 
    select
        count(u1_0.id) 
    from
        users u1_0 
    where
        u1_0.status in (?, ?) 
        and u1_0.review_deadline_at<?
Hibernate: 
    select
        count(u1_0.id) 
    from
        users u1_0 
    where
        u1_0.fraud_review_status=?
Hibernate: 
    select
        ur1_0.id,
        ur1_0.admin_note,
        ur1_0.created_at,
        ur1_0.detail,
        ur1_0.reason_code,
        ur1_0.reported_user_id,
        ur1_0.reporter_user_id,
        ur1_0.status 
    from
        user_reports ur1_0 
    where
        ur1_0.status=? 
    order by
        ur1_0.created_at desc
Hibernate: 
    select
        u1_0.id,
        u1_0.admin_memo,
        u1_0.created_at,
        u1_0.deleted_at,
        u1_0.email,
        u1_0.fraud_review_status,
        u1_0.fraud_risk_score,
        u1_0.last_warning_sent_at,
        u1_0.nickname,
        u1_0.password_hash,
        u1_0.phone,
        u1_0.profile_completed_at,
        u1_0.provider,
        u1_0.reset_password_token,
        u1_0.reset_password_token_expires_at,
        u1_0.review_comment,
        u1_0.review_deadline_at,
        u1_0.status,
        u1_0.updated_at 
    from
        users u1_0 
    where
        u1_0.fraud_review_status in (?) 
    order by
        u1_0.fraud_risk_score desc,
        u1_0.created_at desc
Hibernate: 
    select
        count(u1_0.id) 
    from
        users u1_0 
    where
        u1_0.fraud_review_status=?
Hibernate: 
    select
        up1_0.id,
        up1_0.created_at,
        up1_0.drinking_status,
        up1_0.ideal_type,
        up1_0.introduction,
        up1_0.job,
        up1_0.mbti,
        up1_0.personality,
        up1_0.region,
        up1_0.religion,
        up1_0.smoking_status,
        up1_0.updated_at,
        up1_0.user_id 
    from
        user_profiles up1_0 
    where
        up1_0.user_id=?
Hibernate: 
    select
        count(ur1_0.id) 
    from
        user_reports ur1_0 
    where
        ur1_0.status=?
Hibernate: 
    select
        count(u1_0.id) 
    from
        users u1_0 
    where
        u1_0.status=?
Hibernate: 
    select
        uv1_0.id,
        uv1_0.birth_date,
        uv1_0.created_at,
        uv1_0.gender,
        uv1_0.is_verified,
        uv1_0.updated_at,
        uv1_0.user_id,
        uv1_0.verified_at 
    from
        user_verifications uv1_0 
    where
        uv1_0.user_id=?
Hibernate: 
    select
        count(ur1_0.id) 
    from
        user_reports ur1_0 
    where
        ur1_0.status=?
Hibernate: 
    select
        count(u1_0.id) 
    from
        users u1_0 
    where
        u1_0.status=?
Hibernate: 
    select
        count(u1_0.id) 
    from
        users u1_0 
    where
        u1_0.status=?
Hibernate: 
    select
        ur1_0.id,
        ur1_0.admin_note,
        ur1_0.created_at,
        ur1_0.detail,
        ur1_0.reason_code,
        ur1_0.reported_user_id,
        ur1_0.reporter_user_id,
        ur1_0.status 
    from
        user_reports ur1_0 
    where
        ur1_0.status=? 
    order by
        ur1_0.created_at desc
Hibernate: 
    select
        count(u1_0.id) 
    from
        users u1_0 
    where
        u1_0.fraud_review_status=?
Hibernate: 
    select
        u1_0.id,
        u1_0.admin_memo,
        u1_0.created_at,
        u1_0.deleted_at,
        u1_0.email,
        u1_0.fraud_review_status,
        u1_0.fraud_risk_score,
        u1_0.last_warning_sent_at,
        u1_0.nickname,
        u1_0.password_hash,
        u1_0.phone,
        u1_0.profile_completed_at,
        u1_0.provider,
        u1_0.reset_password_token,
        u1_0.reset_password_token_expires_at,
        u1_0.review_comment,
        u1_0.review_deadline_at,
        u1_0.status,
        u1_0.updated_at 
    from
        users u1_0 
    where
        u1_0.fraud_review_status in (?) 
    order by
        u1_0.fraud_risk_score desc,
        u1_0.created_at desc
Hibernate: 
    select
        count(u1_0.id) 
    from
        users u1_0 
    where
        u1_0.fraud_review_status=?
Hibernate: 
    select
        count(ur1_0.id) 
    from
        user_reports ur1_0 
    where
        ur1_0.status=?
Hibernate: 
    select
        count(ur1_0.id) 
    from
        user_reports ur1_0 
    where
        ur1_0.status=?
Hibernate: 
    select
        bi1_0.id,
        bi1_0.active,
        bi1_0.created_at,
        bi1_0.identity_type,
        bi1_0.identity_value,
        bi1_0.reason,
        bi1_0.source_user_id,
        bi1_0.updated_at 
    from
        blocked_identities bi1_0 
    where
        bi1_0.active=true 
    order by
        bi1_0.created_at desc
^C